<?xml version="1.0" encoding="UTF-8"?>
<!-- Generated by org.testng.reporters.JUnitXMLReporter -->
<testsuite ignored="3" hostname="BLR135CG1158RM3" failures="0" tests="1" name="Default test" time="24.639" errors="0" timestamp="08 May 2023 13:51:11 GMT">
  <testcase classname="testcases.LoginTest" name="test5" time="20.963"/>
  <testcase classname="testcases.LoginTest" name="test1" time="0.0">
    <ignored/>
  </testcase> <!-- test1 -->
  <testcase classname="testcases.LoginTest" name="test2" time="0.0">
    <ignored/>
  </testcase> <!-- test2 -->
  <testcase classname="testcases.LoginTest" name="test4" time="0.0">
    <ignored/>
  </testcase> <!-- test4 -->
</testsuite> <!-- Default test -->
