<?xml version="1.0" encoding="UTF-8"?>
<testng-results ignored="3" total="4" passed="1" failed="0" skipped="0">
  <reporter-output>
  </reporter-output>
  <suite started-at="2023-05-08T13:50:46Z" name="Default suite" finished-at="2023-05-08T13:51:11Z" duration-ms="24639">
    <groups>
    </groups>
    <test started-at="2023-05-08T13:50:46Z" name="Default test" finished-at="2023-05-08T13:51:11Z" duration-ms="24639">
      <class name="testcases.LoginTest">
        <test-method is-config="true" signature="ReportSetup()[pri:0, instance:testcases.LoginTest@8e50104]" started-at="2023-05-08T13:50:46Z" name="ReportSetup" finished-at="2023-05-08T13:50:46Z" duration-ms="563" status="PASS">
          <reporter-output>
          </reporter-output>
        </test-method> <!-- ReportSetup -->
        <test-method is-config="true" signature="SetUp(java.lang.reflect.Method)[pri:0, instance:testcases.LoginTest@8e50104]" started-at="2023-05-08T13:50:46Z" name="SetUp" finished-at="2023-05-08T13:50:49Z" duration-ms="2491" status="PASS">
          <params>
            <param index="0">
              <value>
                <![CDATA[public void testcases.LoginTest.test5() throws com.codoid.products.exception.FilloException]]>
              </value>
            </param>
          </params>
          <reporter-output>
          </reporter-output>
        </test-method> <!-- SetUp -->
        <test-method signature="test5()[pri:0, instance:testcases.LoginTest@8e50104]" started-at="2023-05-08T13:50:49Z" name="test5" finished-at="2023-05-08T13:51:10Z" duration-ms="20963" status="PASS">
          <reporter-output>
          </reporter-output>
        </test-method> <!-- test5 -->
        <test-method is-config="true" signature="TearDown()[pri:0, instance:testcases.LoginTest@8e50104]" started-at="2023-05-08T13:51:10Z" name="TearDown" finished-at="2023-05-08T13:51:10Z" duration-ms="354" status="PASS">
          <reporter-output>
          </reporter-output>
        </test-method> <!-- TearDown -->
        <test-method is-config="true" signature="ReportClean()[pri:0, instance:testcases.LoginTest@8e50104]" started-at="2023-05-08T13:51:10Z" name="ReportClean" finished-at="2023-05-08T13:51:11Z" duration-ms="250" status="PASS">
          <reporter-output>
          </reporter-output>
        </test-method> <!-- ReportClean -->
      </class> <!-- testcases.LoginTest -->
    </test> <!-- Default test -->
  </suite> <!-- Default suite -->
</testng-results>
